# JRE version: Java(TM) SE Runtime Environment (8.0_31-b13) (build 1.8.0_31-b13)
# Java VM: Java HotSpot(TM) Client VM (25.31-b07 mixed mode windows-x86 )
Heap:
 def new generation   total 39424K, used 3792K [0x02e00000, 0x058c0000, 0x0d8a0000)
  eden space 35072K,  10% used [0x02e00000, 0x031b4018, 0x05040000)
  from space 4352K,   0% used [0x05040000, 0x05040000, 0x05480000)
  to   space 4352K,   0% used [0x05480000, 0x05480000, 0x058c0000)
 tenured generation   total 87424K, used 11781K [0x0d8a0000, 0x12e00000, 0x22e00000)
   the space 87424K,  13% used [0x0d8a0000, 0x0e421590, 0x0e421600, 0x12e00000)
 Metaspace       used 12311K, capacity 12527K, committed 12544K, reserved 12672K
GC Heap History (6 events):
Event: 1.486 GC heap before
{Heap before GC invocations=0 (full 0):
 def new generation   total 39296K, used 34944K [0x02e00000, 0x058a0000, 0x0d8a0000)
  eden space 34944K, 100% used [0x02e00000, 0x05020000, 0x05020000)
  from space 4352K,   0% used [0x05020000, 0x05020000, 0x05460000)
  to   space 4352K,   0% used [0x05460000, 0x05460000, 0x058a0000)
 tenured generation   total 87424K, used 0K [0x0d8a0000, 0x12e00000, 0x22e00000)
   the space 87424K,   0% used [0x0d8a0000, 0x0d8a0000, 0x0d8a0200, 0x12e00000)
 Metaspace       used 9265K, capacity 9419K, committed 9472K, reserved 9600K
Event: 1.502 GC heap after
Heap after GC invocations=1 (full 0):
 def new generation   total 39296K, used 4352K [0x02e00000, 0x058a0000, 0x0d8a0000)
  eden space 34944K,   0% used [0x02e00000, 0x02e00000, 0x05020000)
  from space 4352K, 100% used [0x05460000, 0x058a0000, 0x058a0000)
  to   space 4352K,   0% used [0x05020000, 0x05020000, 0x05460000)
 tenured generation   total 87424K, used 2444K [0x0d8a0000, 0x12e00000, 0x22e00000)
   the space 87424K,   2% used [0x0d8a0000, 0x0db03060, 0x0db03200, 0x12e00000)
 Metaspace       used 9265K, capacity 9419K, committed 9472K, reserved 9600K
}
Event: 2.743 GC heap before
{Heap before GC invocations=1 (full 0):
 def new generation   total 39296K, used 38945K [0x02e00000, 0x058a0000, 0x0d8a0000)
  eden space 34944K,  98% used [0x02e00000, 0x04fc8450, 0x05020000)
  from space 4352K, 100% used [0x05460000, 0x058a0000, 0x058a0000)
  to   space 4352K,   0% used [0x05020000, 0x05020000, 0x05460000)
 tenured generation   total 87424K, used 2444K [0x0d8a0000, 0x12e00000, 0x22e00000)
   the space 87424K,   2% used [0x0d8a0000, 0x0db03060, 0x0db03200, 0x12e00000)
 Metaspace       used 11956K, capacity 12177K, committed 12288K, reserved 12672K
Event: 2.769 GC heap after
Heap after GC invocations=2 (full 0):
 def new generation   total 39296K, used 3950K [0x02e00000, 0x058a0000, 0x0d8a0000)
  eden space 34944K,   0% used [0x02e00000, 0x02e00000, 0x05020000)
  from space 4352K,  90% used [0x05020000, 0x053fb840, 0x05460000)
  to   space 4352K,   0% used [0x05460000, 0x05460000, 0x058a0000)
 tenured generation   total 87424K, used 5357K [0x0d8a0000, 0x12e00000, 0x22e00000)
   the space 87424K,   6% used [0x0d8a0000, 0x0dddb738, 0x0dddb800, 0x12e00000)
 Metaspace       used 11956K, capacity 12177K, committed 12288K, reserved 12672K
}
Event: 2.882 GC heap before
{Heap before GC invocations=2 (full 0):
 def new generation   total 39296K, used 8594K [0x02e00000, 0x058a0000, 0x0d8a0000)
  eden space 34944K,  13% used [0x02e00000, 0x03289130, 0x05020000)
  from space 4352K,  90% used [0x05020000, 0x053fb840, 0x05460000)
  to   space 4352K,   0% used [0x05460000, 0x05460000, 0x058a0000)
 tenured generation   total 87424K, used 5357K [0x0d8a0000, 0x12e00000, 0x22e00000)
   the space 87424K,   6% used [0x0d8a0000, 0x0dddb738, 0x0dddb800, 0x12e00000)
 Metaspace       used 12087K, capacity 12273K, committed 12288K, reserved 12672K
Event: 2.923 GC heap after
Heap after GC invocations=3 (full 1):
 def new generation   total 39424K, used 0K [0x02e00000, 0x058c0000, 0x0d8a0000)
  eden space 35072K,   0% used [0x02e00000, 0x02e00000, 0x05040000)
  from space 4352K,   0% used [0x05040000, 0x05040000, 0x05480000)
  to   space 4352K,   0% used [0x05480000, 0x05480000, 0x058c0000)
 tenured generation   total 87424K, used 11781K [0x0d8a0000, 0x12e00000, 0x22e00000)
   the space 87424K,  13% used [0x0d8a0000, 0x0e421590, 0x0e421600, 0x12e00000)
 Metaspace       used 12086K, capacity 12271K, committed 12288K, reserved 12672K
}

